17-Feb-2025 11:54:20.651 INFO [main] org.apache.catalina.startup.VersionLoggerListener.log Имя версии сервера:    Apache Tomcat/10.1.34
17-Feb-2025 11:54:20.656 INFO [main] org.apache.catalina.startup.VersionLoggerListener.log Сервер собран:         Dec 5 2024 16:01:16 UTC
17-Feb-2025 11:54:20.656 INFO [main] org.apache.catalina.startup.VersionLoggerListener.log Номер версии сервера:  10.1.34.0
17-Feb-2025 11:54:20.657 INFO [main] org.apache.catalina.startup.VersionLoggerListener.log OS Name:               Linux
17-Feb-2025 11:54:20.657 INFO [main] org.apache.catalina.startup.VersionLoggerListener.log Версия ОС:             6.11.0-17-generic
17-Feb-2025 11:54:20.657 INFO [main] org.apache.catalina.startup.VersionLoggerListener.log Архитектура:           amd64
17-Feb-2025 11:54:20.657 INFO [main] org.apache.catalina.startup.VersionLoggerListener.log Java Home:             /usr/lib/jvm/jdk-23.0.1-oracle-x64
17-Feb-2025 11:54:20.657 INFO [main] org.apache.catalina.startup.VersionLoggerListener.log Версия JVM:            23.0.1+11-39
17-Feb-2025 11:54:20.657 INFO [main] org.apache.catalina.startup.VersionLoggerListener.log Производитель JVM:     Oracle Corporation
17-Feb-2025 11:54:20.657 INFO [main] org.apache.catalina.startup.VersionLoggerListener.log CATALINA_BASE:         /home/alexandr/GitHub/javaWebSite/localTomcat/apache-tomcat-10.1.34
17-Feb-2025 11:54:20.657 INFO [main] org.apache.catalina.startup.VersionLoggerListener.log CATALINA_HOME:         /home/alexandr/GitHub/javaWebSite/localTomcat/apache-tomcat-10.1.34
17-Feb-2025 11:54:20.668 INFO [main] org.apache.catalina.startup.VersionLoggerListener.log Command line argument: -Djava.util.logging.config.file=/home/alexandr/GitHub/javaWebSite/localTomcat/apache-tomcat-10.1.34/conf/logging.properties
17-Feb-2025 11:54:20.668 INFO [main] org.apache.catalina.startup.VersionLoggerListener.log Command line argument: -Djava.util.logging.manager=org.apache.juli.ClassLoaderLogManager
17-Feb-2025 11:54:20.668 INFO [main] org.apache.catalina.startup.VersionLoggerListener.log Command line argument: -Djdk.tls.ephemeralDHKeySize=2048
17-Feb-2025 11:54:20.669 INFO [main] org.apache.catalina.startup.VersionLoggerListener.log Command line argument: -Djava.protocol.handler.pkgs=org.apache.catalina.webresources
17-Feb-2025 11:54:20.669 INFO [main] org.apache.catalina.startup.VersionLoggerListener.log Command line argument: -Dorg.apache.catalina.security.SecurityListener.UMASK=0027
17-Feb-2025 11:54:20.669 INFO [main] org.apache.catalina.startup.VersionLoggerListener.log Command line argument: --add-opens=java.base/java.lang=ALL-UNNAMED
17-Feb-2025 11:54:20.669 INFO [main] org.apache.catalina.startup.VersionLoggerListener.log Command line argument: --add-opens=java.base/java.io=ALL-UNNAMED
17-Feb-2025 11:54:20.669 INFO [main] org.apache.catalina.startup.VersionLoggerListener.log Command line argument: --add-opens=java.base/java.util=ALL-UNNAMED
17-Feb-2025 11:54:20.669 INFO [main] org.apache.catalina.startup.VersionLoggerListener.log Command line argument: --add-opens=java.base/java.util.concurrent=ALL-UNNAMED
17-Feb-2025 11:54:20.669 INFO [main] org.apache.catalina.startup.VersionLoggerListener.log Command line argument: --add-opens=java.rmi/sun.rmi.transport=ALL-UNNAMED
17-Feb-2025 11:54:20.669 INFO [main] org.apache.catalina.startup.VersionLoggerListener.log Command line argument: -Dcatalina.base=/home/alexandr/GitHub/javaWebSite/localTomcat/apache-tomcat-10.1.34
17-Feb-2025 11:54:20.670 INFO [main] org.apache.catalina.startup.VersionLoggerListener.log Command line argument: -Dcatalina.home=/home/alexandr/GitHub/javaWebSite/localTomcat/apache-tomcat-10.1.34
17-Feb-2025 11:54:20.670 INFO [main] org.apache.catalina.startup.VersionLoggerListener.log Command line argument: -Djava.io.tmpdir=/home/alexandr/GitHub/javaWebSite/localTomcat/apache-tomcat-10.1.34/temp
17-Feb-2025 11:54:20.671 INFO [main] org.apache.catalina.core.AprLifecycleListener.lifecycleEvent The Apache Tomcat Native library which allows using OpenSSL was not found on the java.library.path: [/usr/java/packages/lib:/usr/lib64:/lib64:/lib:/usr/lib]
17-Feb-2025 11:54:21.096 INFO [main] org.apache.coyote.AbstractProtocol.init Инициализация ProtocolHandler ["http-nio-8080"]
17-Feb-2025 11:54:21.119 INFO [main] org.apache.catalina.startup.Catalina.load Server initialization in [647] milliseconds
17-Feb-2025 11:54:21.155 INFO [main] org.apache.catalina.core.StandardService.startInternal Starting service [Catalina]
17-Feb-2025 11:54:21.155 INFO [main] org.apache.catalina.core.StandardEngine.startInternal Starting Servlet engine: [Apache Tomcat/10.1.34]
17-Feb-2025 11:54:21.162 INFO [main] org.apache.catalina.startup.HostConfig.deployDirectory Установка веб приложения в папку [/home/alexandr/GitHub/javaWebSite/localTomcat/apache-tomcat-10.1.34/webapps/docs]
17-Feb-2025 11:54:21.475 INFO [main] org.apache.catalina.startup.HostConfig.deployDirectory Deployment of web application directory [/home/alexandr/GitHub/javaWebSite/localTomcat/apache-tomcat-10.1.34/webapps/docs] has finished in [308] ms
17-Feb-2025 11:54:21.475 INFO [main] org.apache.catalina.startup.HostConfig.deployDirectory Установка веб приложения в папку [/home/alexandr/GitHub/javaWebSite/localTomcat/apache-tomcat-10.1.34/webapps/manager]
17-Feb-2025 11:54:21.545 INFO [main] org.apache.catalina.startup.HostConfig.deployDirectory Deployment of web application directory [/home/alexandr/GitHub/javaWebSite/localTomcat/apache-tomcat-10.1.34/webapps/manager] has finished in [69] ms
17-Feb-2025 11:54:21.545 INFO [main] org.apache.catalina.startup.HostConfig.deployDirectory Установка веб приложения в папку [/home/alexandr/GitHub/javaWebSite/localTomcat/apache-tomcat-10.1.34/webapps/examples]
17-Feb-2025 11:54:21.731 INFO [main] org.apache.catalina.startup.HostConfig.deployDirectory Deployment of web application directory [/home/alexandr/GitHub/javaWebSite/localTomcat/apache-tomcat-10.1.34/webapps/examples] has finished in [186] ms
17-Feb-2025 11:54:21.731 INFO [main] org.apache.catalina.startup.HostConfig.deployDirectory Установка веб приложения в папку [/home/alexandr/GitHub/javaWebSite/localTomcat/apache-tomcat-10.1.34/webapps/ROOT]
17-Feb-2025 11:54:21.743 INFO [main] org.apache.catalina.startup.HostConfig.deployDirectory Deployment of web application directory [/home/alexandr/GitHub/javaWebSite/localTomcat/apache-tomcat-10.1.34/webapps/ROOT] has finished in [12] ms
17-Feb-2025 11:54:21.743 INFO [main] org.apache.catalina.startup.HostConfig.deployDirectory Установка веб приложения в папку [/home/alexandr/GitHub/javaWebSite/localTomcat/apache-tomcat-10.1.34/webapps/webapp]
17-Feb-2025 11:54:21.763 INFO [main] org.apache.catalina.startup.HostConfig.deployDirectory Deployment of web application directory [/home/alexandr/GitHub/javaWebSite/localTomcat/apache-tomcat-10.1.34/webapps/webapp] has finished in [20] ms
17-Feb-2025 11:54:21.763 INFO [main] org.apache.catalina.startup.HostConfig.deployDirectory Установка веб приложения в папку [/home/alexandr/GitHub/javaWebSite/localTomcat/apache-tomcat-10.1.34/webapps/host-manager]
17-Feb-2025 11:54:21.777 INFO [main] org.apache.catalina.startup.HostConfig.deployDirectory Deployment of web application directory [/home/alexandr/GitHub/javaWebSite/localTomcat/apache-tomcat-10.1.34/webapps/host-manager] has finished in [14] ms
17-Feb-2025 11:54:21.780 INFO [main] org.apache.coyote.AbstractProtocol.start Starting ProtocolHandler ["http-nio-8080"]
17-Feb-2025 11:54:21.788 INFO [main] org.apache.catalina.startup.Catalina.start Server startup in [668] milliseconds
17-Feb-2025 11:55:45.224 INFO [main] org.apache.catalina.core.StandardServer.await A valid shutdown command was received via the shutdown port. Stopping the Server instance.
17-Feb-2025 11:55:45.224 INFO [main] org.apache.coyote.AbstractProtocol.pause Pausing ProtocolHandler ["http-nio-8080"]
17-Feb-2025 11:55:45.227 INFO [main] org.apache.catalina.core.StandardService.stopInternal Stopping service [Catalina]
17-Feb-2025 11:55:45.249 INFO [main] org.apache.coyote.AbstractProtocol.stop Stopping ProtocolHandler ["http-nio-8080"]
17-Feb-2025 11:55:45.260 INFO [main] org.apache.coyote.AbstractProtocol.destroy Destroying ProtocolHandler ["http-nio-8080"]
17-Feb-2025 16:05:49.094 INFO [main] org.apache.catalina.startup.VersionLoggerListener.log Имя версии сервера:    Apache Tomcat/10.1.34
17-Feb-2025 16:05:49.101 INFO [main] org.apache.catalina.startup.VersionLoggerListener.log Сервер собран:         Dec 5 2024 16:01:16 UTC
17-Feb-2025 16:05:49.101 INFO [main] org.apache.catalina.startup.VersionLoggerListener.log Номер версии сервера:  10.1.34.0
17-Feb-2025 16:05:49.101 INFO [main] org.apache.catalina.startup.VersionLoggerListener.log OS Name:               Linux
17-Feb-2025 16:05:49.102 INFO [main] org.apache.catalina.startup.VersionLoggerListener.log Версия ОС:             6.11.0-17-generic
17-Feb-2025 16:05:49.102 INFO [main] org.apache.catalina.startup.VersionLoggerListener.log Архитектура:           amd64
17-Feb-2025 16:05:49.102 INFO [main] org.apache.catalina.startup.VersionLoggerListener.log Java Home:             /usr/lib/jvm/jdk-23.0.1-oracle-x64
17-Feb-2025 16:05:49.102 INFO [main] org.apache.catalina.startup.VersionLoggerListener.log Версия JVM:            23.0.1+11-39
17-Feb-2025 16:05:49.103 INFO [main] org.apache.catalina.startup.VersionLoggerListener.log Производитель JVM:     Oracle Corporation
17-Feb-2025 16:05:49.103 INFO [main] org.apache.catalina.startup.VersionLoggerListener.log CATALINA_BASE:         /home/alexandr/GitHub/javaWebSite/localTomcat/apache-tomcat-10.1.34
17-Feb-2025 16:05:49.103 INFO [main] org.apache.catalina.startup.VersionLoggerListener.log CATALINA_HOME:         /home/alexandr/GitHub/javaWebSite/localTomcat/apache-tomcat-10.1.34
17-Feb-2025 16:05:49.113 INFO [main] org.apache.catalina.startup.VersionLoggerListener.log Command line argument: -Djava.util.logging.config.file=/home/alexandr/GitHub/javaWebSite/localTomcat/apache-tomcat-10.1.34/conf/logging.properties
17-Feb-2025 16:05:49.113 INFO [main] org.apache.catalina.startup.VersionLoggerListener.log Command line argument: -Djava.util.logging.manager=org.apache.juli.ClassLoaderLogManager
17-Feb-2025 16:05:49.113 INFO [main] org.apache.catalina.startup.VersionLoggerListener.log Command line argument: -Djdk.tls.ephemeralDHKeySize=2048
17-Feb-2025 16:05:49.114 INFO [main] org.apache.catalina.startup.VersionLoggerListener.log Command line argument: -Djava.protocol.handler.pkgs=org.apache.catalina.webresources
17-Feb-2025 16:05:49.114 INFO [main] org.apache.catalina.startup.VersionLoggerListener.log Command line argument: -Dorg.apache.catalina.security.SecurityListener.UMASK=0027
17-Feb-2025 16:05:49.114 INFO [main] org.apache.catalina.startup.VersionLoggerListener.log Command line argument: --add-opens=java.base/java.lang=ALL-UNNAMED
17-Feb-2025 16:05:49.114 INFO [main] org.apache.catalina.startup.VersionLoggerListener.log Command line argument: --add-opens=java.base/java.io=ALL-UNNAMED
17-Feb-2025 16:05:49.114 INFO [main] org.apache.catalina.startup.VersionLoggerListener.log Command line argument: --add-opens=java.base/java.util=ALL-UNNAMED
17-Feb-2025 16:05:49.114 INFO [main] org.apache.catalina.startup.VersionLoggerListener.log Command line argument: --add-opens=java.base/java.util.concurrent=ALL-UNNAMED
17-Feb-2025 16:05:49.114 INFO [main] org.apache.catalina.startup.VersionLoggerListener.log Command line argument: --add-opens=java.rmi/sun.rmi.transport=ALL-UNNAMED
17-Feb-2025 16:05:49.114 INFO [main] org.apache.catalina.startup.VersionLoggerListener.log Command line argument: -Dcatalina.base=/home/alexandr/GitHub/javaWebSite/localTomcat/apache-tomcat-10.1.34
17-Feb-2025 16:05:49.114 INFO [main] org.apache.catalina.startup.VersionLoggerListener.log Command line argument: -Dcatalina.home=/home/alexandr/GitHub/javaWebSite/localTomcat/apache-tomcat-10.1.34
17-Feb-2025 16:05:49.115 INFO [main] org.apache.catalina.startup.VersionLoggerListener.log Command line argument: -Djava.io.tmpdir=/home/alexandr/GitHub/javaWebSite/localTomcat/apache-tomcat-10.1.34/temp
17-Feb-2025 16:05:49.116 INFO [main] org.apache.catalina.core.AprLifecycleListener.lifecycleEvent The Apache Tomcat Native library which allows using OpenSSL was not found on the java.library.path: [/usr/java/packages/lib:/usr/lib64:/lib64:/lib:/usr/lib]
17-Feb-2025 16:05:49.445 INFO [main] org.apache.coyote.AbstractProtocol.init Инициализация ProtocolHandler ["http-nio-8080"]
17-Feb-2025 16:05:49.463 INFO [main] org.apache.catalina.startup.Catalina.load Server initialization in [575] milliseconds
17-Feb-2025 16:05:49.500 INFO [main] org.apache.catalina.core.StandardService.startInternal Starting service [Catalina]
17-Feb-2025 16:05:49.500 INFO [main] org.apache.catalina.core.StandardEngine.startInternal Starting Servlet engine: [Apache Tomcat/10.1.34]
17-Feb-2025 16:05:49.507 INFO [main] org.apache.catalina.startup.HostConfig.deployDirectory Установка веб приложения в папку [/home/alexandr/GitHub/javaWebSite/localTomcat/apache-tomcat-10.1.34/webapps/docs]
17-Feb-2025 16:05:49.763 INFO [main] org.apache.catalina.startup.HostConfig.deployDirectory Deployment of web application directory [/home/alexandr/GitHub/javaWebSite/localTomcat/apache-tomcat-10.1.34/webapps/docs] has finished in [254] ms
17-Feb-2025 16:05:49.764 INFO [main] org.apache.catalina.startup.HostConfig.deployDirectory Установка веб приложения в папку [/home/alexandr/GitHub/javaWebSite/localTomcat/apache-tomcat-10.1.34/webapps/manager]
17-Feb-2025 16:05:49.810 INFO [main] org.apache.catalina.startup.HostConfig.deployDirectory Deployment of web application directory [/home/alexandr/GitHub/javaWebSite/localTomcat/apache-tomcat-10.1.34/webapps/manager] has finished in [47] ms
17-Feb-2025 16:05:49.811 INFO [main] org.apache.catalina.startup.HostConfig.deployDirectory Установка веб приложения в папку [/home/alexandr/GitHub/javaWebSite/localTomcat/apache-tomcat-10.1.34/webapps/examples]
17-Feb-2025 16:05:50.046 INFO [main] org.apache.catalina.startup.HostConfig.deployDirectory Deployment of web application directory [/home/alexandr/GitHub/javaWebSite/localTomcat/apache-tomcat-10.1.34/webapps/examples] has finished in [235] ms
17-Feb-2025 16:05:50.046 INFO [main] org.apache.catalina.startup.HostConfig.deployDirectory Установка веб приложения в папку [/home/alexandr/GitHub/javaWebSite/localTomcat/apache-tomcat-10.1.34/webapps/ROOT]
17-Feb-2025 16:05:50.064 INFO [main] org.apache.catalina.startup.HostConfig.deployDirectory Deployment of web application directory [/home/alexandr/GitHub/javaWebSite/localTomcat/apache-tomcat-10.1.34/webapps/ROOT] has finished in [18] ms
17-Feb-2025 16:05:50.065 INFO [main] org.apache.catalina.startup.HostConfig.deployDirectory Установка веб приложения в папку [/home/alexandr/GitHub/javaWebSite/localTomcat/apache-tomcat-10.1.34/webapps/webapp]
17-Feb-2025 16:05:50.086 INFO [main] org.apache.catalina.startup.HostConfig.deployDirectory Deployment of web application directory [/home/alexandr/GitHub/javaWebSite/localTomcat/apache-tomcat-10.1.34/webapps/webapp] has finished in [21] ms
17-Feb-2025 16:05:50.086 INFO [main] org.apache.catalina.startup.HostConfig.deployDirectory Установка веб приложения в папку [/home/alexandr/GitHub/javaWebSite/localTomcat/apache-tomcat-10.1.34/webapps/host-manager]
17-Feb-2025 16:05:50.104 INFO [main] org.apache.catalina.startup.HostConfig.deployDirectory Deployment of web application directory [/home/alexandr/GitHub/javaWebSite/localTomcat/apache-tomcat-10.1.34/webapps/host-manager] has finished in [18] ms
17-Feb-2025 16:05:50.109 INFO [main] org.apache.coyote.AbstractProtocol.start Starting ProtocolHandler ["http-nio-8080"]
17-Feb-2025 16:05:50.118 INFO [main] org.apache.catalina.startup.Catalina.start Server startup in [653] milliseconds
17-Feb-2025 16:06:59.803 INFO [main] org.apache.catalina.core.StandardServer.await A valid shutdown command was received via the shutdown port. Stopping the Server instance.
17-Feb-2025 16:06:59.804 INFO [main] org.apache.coyote.AbstractProtocol.pause Pausing ProtocolHandler ["http-nio-8080"]
17-Feb-2025 16:06:59.806 INFO [main] org.apache.catalina.core.StandardService.stopInternal Stopping service [Catalina]
17-Feb-2025 16:06:59.826 INFO [main] org.apache.coyote.AbstractProtocol.stop Stopping ProtocolHandler ["http-nio-8080"]
17-Feb-2025 16:06:59.828 INFO [main] org.apache.coyote.AbstractProtocol.destroy Destroying ProtocolHandler ["http-nio-8080"]
