21-Feb-2025 16:58:51.916 INFO [main] org.apache.catalina.startup.VersionLoggerListener.log Имя версии сервера:    Apache Tomcat/10.1.34
21-Feb-2025 16:58:51.920 INFO [main] org.apache.catalina.startup.VersionLoggerListener.log Сервер собран:         Dec 5 2024 16:01:16 UTC
21-Feb-2025 16:58:51.921 INFO [main] org.apache.catalina.startup.VersionLoggerListener.log Номер версии сервера:  10.1.34.0
21-Feb-2025 16:58:51.921 INFO [main] org.apache.catalina.startup.VersionLoggerListener.log OS Name:               Linux
21-Feb-2025 16:58:51.921 INFO [main] org.apache.catalina.startup.VersionLoggerListener.log Версия ОС:             6.11.0-17-generic
21-Feb-2025 16:58:51.921 INFO [main] org.apache.catalina.startup.VersionLoggerListener.log Архитектура:           amd64
21-Feb-2025 16:58:51.921 INFO [main] org.apache.catalina.startup.VersionLoggerListener.log Java Home:             /usr/lib/jvm/jdk-23.0.1-oracle-x64
21-Feb-2025 16:58:51.921 INFO [main] org.apache.catalina.startup.VersionLoggerListener.log Версия JVM:            23.0.1+11-39
21-Feb-2025 16:58:51.922 INFO [main] org.apache.catalina.startup.VersionLoggerListener.log Производитель JVM:     Oracle Corporation
21-Feb-2025 16:58:51.922 INFO [main] org.apache.catalina.startup.VersionLoggerListener.log CATALINA_BASE:         /home/alexandr/GitHub/javaWebSite/localTomcat/apache-tomcat-10.1.34
21-Feb-2025 16:58:51.922 INFO [main] org.apache.catalina.startup.VersionLoggerListener.log CATALINA_HOME:         /home/alexandr/GitHub/javaWebSite/localTomcat/apache-tomcat-10.1.34
21-Feb-2025 16:58:51.933 INFO [main] org.apache.catalina.startup.VersionLoggerListener.log Command line argument: -Djava.util.logging.config.file=/home/alexandr/GitHub/javaWebSite/localTomcat/apache-tomcat-10.1.34/conf/logging.properties
21-Feb-2025 16:58:51.933 INFO [main] org.apache.catalina.startup.VersionLoggerListener.log Command line argument: -Djava.util.logging.manager=org.apache.juli.ClassLoaderLogManager
21-Feb-2025 16:58:51.933 INFO [main] org.apache.catalina.startup.VersionLoggerListener.log Command line argument: -Djdk.tls.ephemeralDHKeySize=2048
21-Feb-2025 16:58:51.933 INFO [main] org.apache.catalina.startup.VersionLoggerListener.log Command line argument: -Djava.protocol.handler.pkgs=org.apache.catalina.webresources
21-Feb-2025 16:58:51.933 INFO [main] org.apache.catalina.startup.VersionLoggerListener.log Command line argument: -Dorg.apache.catalina.security.SecurityListener.UMASK=0027
21-Feb-2025 16:58:51.933 INFO [main] org.apache.catalina.startup.VersionLoggerListener.log Command line argument: --add-opens=java.base/java.lang=ALL-UNNAMED
21-Feb-2025 16:58:51.933 INFO [main] org.apache.catalina.startup.VersionLoggerListener.log Command line argument: --add-opens=java.base/java.io=ALL-UNNAMED
21-Feb-2025 16:58:51.933 INFO [main] org.apache.catalina.startup.VersionLoggerListener.log Command line argument: --add-opens=java.base/java.util=ALL-UNNAMED
21-Feb-2025 16:58:51.933 INFO [main] org.apache.catalina.startup.VersionLoggerListener.log Command line argument: --add-opens=java.base/java.util.concurrent=ALL-UNNAMED
21-Feb-2025 16:58:51.933 INFO [main] org.apache.catalina.startup.VersionLoggerListener.log Command line argument: --add-opens=java.rmi/sun.rmi.transport=ALL-UNNAMED
21-Feb-2025 16:58:51.934 INFO [main] org.apache.catalina.startup.VersionLoggerListener.log Command line argument: -Dcatalina.base=/home/alexandr/GitHub/javaWebSite/localTomcat/apache-tomcat-10.1.34
21-Feb-2025 16:58:51.934 INFO [main] org.apache.catalina.startup.VersionLoggerListener.log Command line argument: -Dcatalina.home=/home/alexandr/GitHub/javaWebSite/localTomcat/apache-tomcat-10.1.34
21-Feb-2025 16:58:51.934 INFO [main] org.apache.catalina.startup.VersionLoggerListener.log Command line argument: -Djava.io.tmpdir=/home/alexandr/GitHub/javaWebSite/localTomcat/apache-tomcat-10.1.34/temp
21-Feb-2025 16:58:51.935 INFO [main] org.apache.catalina.core.AprLifecycleListener.lifecycleEvent The Apache Tomcat Native library which allows using OpenSSL was not found on the java.library.path: [/usr/java/packages/lib:/usr/lib64:/lib64:/lib:/usr/lib]
21-Feb-2025 16:58:52.331 INFO [main] org.apache.coyote.AbstractProtocol.init Инициализация ProtocolHandler ["http-nio-8080"]
21-Feb-2025 16:58:52.386 INFO [main] org.apache.catalina.startup.Catalina.load Server initialization in [694] milliseconds
21-Feb-2025 16:58:52.436 INFO [main] org.apache.catalina.core.StandardService.startInternal Starting service [Catalina]
21-Feb-2025 16:58:52.436 INFO [main] org.apache.catalina.core.StandardEngine.startInternal Starting Servlet engine: [Apache Tomcat/10.1.34]
21-Feb-2025 16:58:52.448 INFO [main] org.apache.catalina.startup.HostConfig.deployDirectory Установка веб приложения в папку [/home/alexandr/GitHub/javaWebSite/localTomcat/apache-tomcat-10.1.34/webapps/docs]
21-Feb-2025 16:58:52.887 INFO [main] org.apache.catalina.startup.HostConfig.deployDirectory Deployment of web application directory [/home/alexandr/GitHub/javaWebSite/localTomcat/apache-tomcat-10.1.34/webapps/docs] has finished in [436] ms
21-Feb-2025 16:58:52.888 INFO [main] org.apache.catalina.startup.HostConfig.deployDirectory Установка веб приложения в папку [/home/alexandr/GitHub/javaWebSite/localTomcat/apache-tomcat-10.1.34/webapps/manager]
21-Feb-2025 16:58:52.939 INFO [main] org.apache.catalina.startup.HostConfig.deployDirectory Deployment of web application directory [/home/alexandr/GitHub/javaWebSite/localTomcat/apache-tomcat-10.1.34/webapps/manager] has finished in [52] ms
21-Feb-2025 16:58:52.940 INFO [main] org.apache.catalina.startup.HostConfig.deployDirectory Установка веб приложения в папку [/home/alexandr/GitHub/javaWebSite/localTomcat/apache-tomcat-10.1.34/webapps/examples]
21-Feb-2025 16:58:53.172 INFO [main] org.apache.catalina.startup.HostConfig.deployDirectory Deployment of web application directory [/home/alexandr/GitHub/javaWebSite/localTomcat/apache-tomcat-10.1.34/webapps/examples] has finished in [232] ms
21-Feb-2025 16:58:53.173 INFO [main] org.apache.catalina.startup.HostConfig.deployDirectory Установка веб приложения в папку [/home/alexandr/GitHub/javaWebSite/localTomcat/apache-tomcat-10.1.34/webapps/ROOT]
21-Feb-2025 16:58:53.196 INFO [main] org.apache.catalina.startup.HostConfig.deployDirectory Deployment of web application directory [/home/alexandr/GitHub/javaWebSite/localTomcat/apache-tomcat-10.1.34/webapps/ROOT] has finished in [23] ms
21-Feb-2025 16:58:53.196 INFO [main] org.apache.catalina.startup.HostConfig.deployDirectory Установка веб приложения в папку [/home/alexandr/GitHub/javaWebSite/localTomcat/apache-tomcat-10.1.34/webapps/webapp]
21-Feb-2025 16:58:53.229 INFO [main] org.apache.catalina.startup.HostConfig.deployDirectory Deployment of web application directory [/home/alexandr/GitHub/javaWebSite/localTomcat/apache-tomcat-10.1.34/webapps/webapp] has finished in [33] ms
21-Feb-2025 16:58:53.229 INFO [main] org.apache.catalina.startup.HostConfig.deployDirectory Установка веб приложения в папку [/home/alexandr/GitHub/javaWebSite/localTomcat/apache-tomcat-10.1.34/webapps/host-manager]
21-Feb-2025 16:58:53.251 INFO [main] org.apache.catalina.startup.HostConfig.deployDirectory Deployment of web application directory [/home/alexandr/GitHub/javaWebSite/localTomcat/apache-tomcat-10.1.34/webapps/host-manager] has finished in [22] ms
21-Feb-2025 16:58:53.256 INFO [main] org.apache.coyote.AbstractProtocol.start Starting ProtocolHandler ["http-nio-8080"]
21-Feb-2025 16:58:53.267 INFO [main] org.apache.catalina.startup.Catalina.start Server startup in [879] milliseconds
21-Feb-2025 17:00:11.988 INFO [main] org.apache.catalina.core.StandardServer.await A valid shutdown command was received via the shutdown port. Stopping the Server instance.
21-Feb-2025 17:00:11.988 INFO [main] org.apache.coyote.AbstractProtocol.pause Pausing ProtocolHandler ["http-nio-8080"]
21-Feb-2025 17:00:11.990 INFO [main] org.apache.catalina.core.StandardService.stopInternal Stopping service [Catalina]
21-Feb-2025 17:00:12.014 INFO [main] org.apache.coyote.AbstractProtocol.stop Stopping ProtocolHandler ["http-nio-8080"]
21-Feb-2025 17:00:12.024 INFO [main] org.apache.coyote.AbstractProtocol.destroy Destroying ProtocolHandler ["http-nio-8080"]
21-Feb-2025 17:09:51.778 INFO [main] org.apache.catalina.startup.VersionLoggerListener.log Имя версии сервера:    Apache Tomcat/10.1.34
21-Feb-2025 17:09:51.781 INFO [main] org.apache.catalina.startup.VersionLoggerListener.log Сервер собран:         Dec 5 2024 16:01:16 UTC
21-Feb-2025 17:09:51.782 INFO [main] org.apache.catalina.startup.VersionLoggerListener.log Номер версии сервера:  10.1.34.0
21-Feb-2025 17:09:51.782 INFO [main] org.apache.catalina.startup.VersionLoggerListener.log OS Name:               Linux
21-Feb-2025 17:09:51.782 INFO [main] org.apache.catalina.startup.VersionLoggerListener.log Версия ОС:             6.11.0-17-generic
21-Feb-2025 17:09:51.782 INFO [main] org.apache.catalina.startup.VersionLoggerListener.log Архитектура:           amd64
21-Feb-2025 17:09:51.782 INFO [main] org.apache.catalina.startup.VersionLoggerListener.log Java Home:             /usr/lib/jvm/jdk-23.0.1-oracle-x64
21-Feb-2025 17:09:51.782 INFO [main] org.apache.catalina.startup.VersionLoggerListener.log Версия JVM:            23.0.1+11-39
21-Feb-2025 17:09:51.782 INFO [main] org.apache.catalina.startup.VersionLoggerListener.log Производитель JVM:     Oracle Corporation
21-Feb-2025 17:09:51.782 INFO [main] org.apache.catalina.startup.VersionLoggerListener.log CATALINA_BASE:         /home/alexandr/GitHub/javaWebSite/localTomcat/apache-tomcat-10.1.34
21-Feb-2025 17:09:51.782 INFO [main] org.apache.catalina.startup.VersionLoggerListener.log CATALINA_HOME:         /home/alexandr/GitHub/javaWebSite/localTomcat/apache-tomcat-10.1.34
21-Feb-2025 17:09:51.789 INFO [main] org.apache.catalina.startup.VersionLoggerListener.log Command line argument: -Djava.util.logging.config.file=/home/alexandr/GitHub/javaWebSite/localTomcat/apache-tomcat-10.1.34/conf/logging.properties
21-Feb-2025 17:09:51.789 INFO [main] org.apache.catalina.startup.VersionLoggerListener.log Command line argument: -Djava.util.logging.manager=org.apache.juli.ClassLoaderLogManager
21-Feb-2025 17:09:51.789 INFO [main] org.apache.catalina.startup.VersionLoggerListener.log Command line argument: -Djdk.tls.ephemeralDHKeySize=2048
21-Feb-2025 17:09:51.789 INFO [main] org.apache.catalina.startup.VersionLoggerListener.log Command line argument: -Djava.protocol.handler.pkgs=org.apache.catalina.webresources
21-Feb-2025 17:09:51.789 INFO [main] org.apache.catalina.startup.VersionLoggerListener.log Command line argument: -Dorg.apache.catalina.security.SecurityListener.UMASK=0027
21-Feb-2025 17:09:51.789 INFO [main] org.apache.catalina.startup.VersionLoggerListener.log Command line argument: --add-opens=java.base/java.lang=ALL-UNNAMED
21-Feb-2025 17:09:51.789 INFO [main] org.apache.catalina.startup.VersionLoggerListener.log Command line argument: --add-opens=java.base/java.io=ALL-UNNAMED
21-Feb-2025 17:09:51.789 INFO [main] org.apache.catalina.startup.VersionLoggerListener.log Command line argument: --add-opens=java.base/java.util=ALL-UNNAMED
21-Feb-2025 17:09:51.790 INFO [main] org.apache.catalina.startup.VersionLoggerListener.log Command line argument: --add-opens=java.base/java.util.concurrent=ALL-UNNAMED
21-Feb-2025 17:09:51.790 INFO [main] org.apache.catalina.startup.VersionLoggerListener.log Command line argument: --add-opens=java.rmi/sun.rmi.transport=ALL-UNNAMED
21-Feb-2025 17:09:51.790 INFO [main] org.apache.catalina.startup.VersionLoggerListener.log Command line argument: -Dcatalina.base=/home/alexandr/GitHub/javaWebSite/localTomcat/apache-tomcat-10.1.34
21-Feb-2025 17:09:51.790 INFO [main] org.apache.catalina.startup.VersionLoggerListener.log Command line argument: -Dcatalina.home=/home/alexandr/GitHub/javaWebSite/localTomcat/apache-tomcat-10.1.34
21-Feb-2025 17:09:51.790 INFO [main] org.apache.catalina.startup.VersionLoggerListener.log Command line argument: -Djava.io.tmpdir=/home/alexandr/GitHub/javaWebSite/localTomcat/apache-tomcat-10.1.34/temp
21-Feb-2025 17:09:51.791 INFO [main] org.apache.catalina.core.AprLifecycleListener.lifecycleEvent The Apache Tomcat Native library which allows using OpenSSL was not found on the java.library.path: [/usr/java/packages/lib:/usr/lib64:/lib64:/lib:/usr/lib]
21-Feb-2025 17:09:52.077 INFO [main] org.apache.coyote.AbstractProtocol.init Инициализация ProtocolHandler ["http-nio-8080"]
21-Feb-2025 17:09:52.092 INFO [main] org.apache.catalina.startup.Catalina.load Server initialization in [461] milliseconds
21-Feb-2025 17:09:52.124 INFO [main] org.apache.catalina.core.StandardService.startInternal Starting service [Catalina]
21-Feb-2025 17:09:52.124 INFO [main] org.apache.catalina.core.StandardEngine.startInternal Starting Servlet engine: [Apache Tomcat/10.1.34]
21-Feb-2025 17:09:52.130 INFO [main] org.apache.catalina.startup.HostConfig.deployDirectory Установка веб приложения в папку [/home/alexandr/GitHub/javaWebSite/localTomcat/apache-tomcat-10.1.34/webapps/docs]
21-Feb-2025 17:09:52.358 INFO [main] org.apache.catalina.startup.HostConfig.deployDirectory Deployment of web application directory [/home/alexandr/GitHub/javaWebSite/localTomcat/apache-tomcat-10.1.34/webapps/docs] has finished in [226] ms
21-Feb-2025 17:09:52.358 INFO [main] org.apache.catalina.startup.HostConfig.deployDirectory Установка веб приложения в папку [/home/alexandr/GitHub/javaWebSite/localTomcat/apache-tomcat-10.1.34/webapps/manager]
21-Feb-2025 17:09:52.396 INFO [main] org.apache.catalina.startup.HostConfig.deployDirectory Deployment of web application directory [/home/alexandr/GitHub/javaWebSite/localTomcat/apache-tomcat-10.1.34/webapps/manager] has finished in [38] ms
21-Feb-2025 17:09:52.396 INFO [main] org.apache.catalina.startup.HostConfig.deployDirectory Установка веб приложения в папку [/home/alexandr/GitHub/javaWebSite/localTomcat/apache-tomcat-10.1.34/webapps/examples]
21-Feb-2025 17:09:52.596 INFO [main] org.apache.catalina.startup.HostConfig.deployDirectory Deployment of web application directory [/home/alexandr/GitHub/javaWebSite/localTomcat/apache-tomcat-10.1.34/webapps/examples] has finished in [199] ms
21-Feb-2025 17:09:52.596 INFO [main] org.apache.catalina.startup.HostConfig.deployDirectory Установка веб приложения в папку [/home/alexandr/GitHub/javaWebSite/localTomcat/apache-tomcat-10.1.34/webapps/ROOT]
21-Feb-2025 17:09:52.613 INFO [main] org.apache.catalina.startup.HostConfig.deployDirectory Deployment of web application directory [/home/alexandr/GitHub/javaWebSite/localTomcat/apache-tomcat-10.1.34/webapps/ROOT] has finished in [16] ms
21-Feb-2025 17:09:52.613 INFO [main] org.apache.catalina.startup.HostConfig.deployDirectory Установка веб приложения в папку [/home/alexandr/GitHub/javaWebSite/localTomcat/apache-tomcat-10.1.34/webapps/webapp]
21-Feb-2025 17:09:52.637 INFO [main] org.apache.catalina.startup.HostConfig.deployDirectory Deployment of web application directory [/home/alexandr/GitHub/javaWebSite/localTomcat/apache-tomcat-10.1.34/webapps/webapp] has finished in [23] ms
21-Feb-2025 17:09:52.637 INFO [main] org.apache.catalina.startup.HostConfig.deployDirectory Установка веб приложения в папку [/home/alexandr/GitHub/javaWebSite/localTomcat/apache-tomcat-10.1.34/webapps/host-manager]
21-Feb-2025 17:09:52.653 INFO [main] org.apache.catalina.startup.HostConfig.deployDirectory Deployment of web application directory [/home/alexandr/GitHub/javaWebSite/localTomcat/apache-tomcat-10.1.34/webapps/host-manager] has finished in [16] ms
21-Feb-2025 17:09:52.657 INFO [main] org.apache.coyote.AbstractProtocol.start Starting ProtocolHandler ["http-nio-8080"]
21-Feb-2025 17:09:52.665 INFO [main] org.apache.catalina.startup.Catalina.start Server startup in [572] milliseconds
21-Feb-2025 17:10:20.484 INFO [main] org.apache.catalina.core.StandardServer.await A valid shutdown command was received via the shutdown port. Stopping the Server instance.
21-Feb-2025 17:10:20.485 INFO [main] org.apache.coyote.AbstractProtocol.pause Pausing ProtocolHandler ["http-nio-8080"]
21-Feb-2025 17:10:20.487 INFO [main] org.apache.catalina.core.StandardService.stopInternal Stopping service [Catalina]
21-Feb-2025 17:10:20.507 INFO [main] org.apache.coyote.AbstractProtocol.stop Stopping ProtocolHandler ["http-nio-8080"]
21-Feb-2025 17:10:20.509 INFO [main] org.apache.coyote.AbstractProtocol.destroy Destroying ProtocolHandler ["http-nio-8080"]
21-Feb-2025 19:29:25.474 INFO [main] org.apache.catalina.startup.VersionLoggerListener.log Имя версии сервера:    Apache Tomcat/10.1.34
21-Feb-2025 19:29:25.477 INFO [main] org.apache.catalina.startup.VersionLoggerListener.log Сервер собран:         Dec 5 2024 16:01:16 UTC
21-Feb-2025 19:29:25.478 INFO [main] org.apache.catalina.startup.VersionLoggerListener.log Номер версии сервера:  10.1.34.0
21-Feb-2025 19:29:25.478 INFO [main] org.apache.catalina.startup.VersionLoggerListener.log OS Name:               Linux
21-Feb-2025 19:29:25.478 INFO [main] org.apache.catalina.startup.VersionLoggerListener.log Версия ОС:             6.11.0-17-generic
21-Feb-2025 19:29:25.478 INFO [main] org.apache.catalina.startup.VersionLoggerListener.log Архитектура:           amd64
21-Feb-2025 19:29:25.478 INFO [main] org.apache.catalina.startup.VersionLoggerListener.log Java Home:             /usr/lib/jvm/jdk-23.0.1-oracle-x64
21-Feb-2025 19:29:25.478 INFO [main] org.apache.catalina.startup.VersionLoggerListener.log Версия JVM:            23.0.1+11-39
21-Feb-2025 19:29:25.478 INFO [main] org.apache.catalina.startup.VersionLoggerListener.log Производитель JVM:     Oracle Corporation
21-Feb-2025 19:29:25.478 INFO [main] org.apache.catalina.startup.VersionLoggerListener.log CATALINA_BASE:         /home/alexandr/GitHub/javaWebSite/localTomcat/apache-tomcat-10.1.34
21-Feb-2025 19:29:25.479 INFO [main] org.apache.catalina.startup.VersionLoggerListener.log CATALINA_HOME:         /home/alexandr/GitHub/javaWebSite/localTomcat/apache-tomcat-10.1.34
21-Feb-2025 19:29:25.485 INFO [main] org.apache.catalina.startup.VersionLoggerListener.log Command line argument: -Djava.util.logging.config.file=/home/alexandr/GitHub/javaWebSite/localTomcat/apache-tomcat-10.1.34/conf/logging.properties
21-Feb-2025 19:29:25.485 INFO [main] org.apache.catalina.startup.VersionLoggerListener.log Command line argument: -Djava.util.logging.manager=org.apache.juli.ClassLoaderLogManager
21-Feb-2025 19:29:25.485 INFO [main] org.apache.catalina.startup.VersionLoggerListener.log Command line argument: -Djdk.tls.ephemeralDHKeySize=2048
21-Feb-2025 19:29:25.485 INFO [main] org.apache.catalina.startup.VersionLoggerListener.log Command line argument: -Djava.protocol.handler.pkgs=org.apache.catalina.webresources
21-Feb-2025 19:29:25.485 INFO [main] org.apache.catalina.startup.VersionLoggerListener.log Command line argument: -Dorg.apache.catalina.security.SecurityListener.UMASK=0027
21-Feb-2025 19:29:25.486 INFO [main] org.apache.catalina.startup.VersionLoggerListener.log Command line argument: --add-opens=java.base/java.lang=ALL-UNNAMED
21-Feb-2025 19:29:25.486 INFO [main] org.apache.catalina.startup.VersionLoggerListener.log Command line argument: --add-opens=java.base/java.io=ALL-UNNAMED
21-Feb-2025 19:29:25.486 INFO [main] org.apache.catalina.startup.VersionLoggerListener.log Command line argument: --add-opens=java.base/java.util=ALL-UNNAMED
21-Feb-2025 19:29:25.486 INFO [main] org.apache.catalina.startup.VersionLoggerListener.log Command line argument: --add-opens=java.base/java.util.concurrent=ALL-UNNAMED
21-Feb-2025 19:29:25.486 INFO [main] org.apache.catalina.startup.VersionLoggerListener.log Command line argument: --add-opens=java.rmi/sun.rmi.transport=ALL-UNNAMED
21-Feb-2025 19:29:25.486 INFO [main] org.apache.catalina.startup.VersionLoggerListener.log Command line argument: -Dcatalina.base=/home/alexandr/GitHub/javaWebSite/localTomcat/apache-tomcat-10.1.34
21-Feb-2025 19:29:25.486 INFO [main] org.apache.catalina.startup.VersionLoggerListener.log Command line argument: -Dcatalina.home=/home/alexandr/GitHub/javaWebSite/localTomcat/apache-tomcat-10.1.34
21-Feb-2025 19:29:25.486 INFO [main] org.apache.catalina.startup.VersionLoggerListener.log Command line argument: -Djava.io.tmpdir=/home/alexandr/GitHub/javaWebSite/localTomcat/apache-tomcat-10.1.34/temp
21-Feb-2025 19:29:25.487 INFO [main] org.apache.catalina.core.AprLifecycleListener.lifecycleEvent The Apache Tomcat Native library which allows using OpenSSL was not found on the java.library.path: [/usr/java/packages/lib:/usr/lib64:/lib64:/lib:/usr/lib]
21-Feb-2025 19:29:25.786 INFO [main] org.apache.coyote.AbstractProtocol.init Инициализация ProtocolHandler ["http-nio-8080"]
21-Feb-2025 19:29:25.800 INFO [main] org.apache.catalina.startup.Catalina.load Server initialization in [476] milliseconds
21-Feb-2025 19:29:25.833 INFO [main] org.apache.catalina.core.StandardService.startInternal Starting service [Catalina]
21-Feb-2025 19:29:25.833 INFO [main] org.apache.catalina.core.StandardEngine.startInternal Starting Servlet engine: [Apache Tomcat/10.1.34]
21-Feb-2025 19:29:25.840 INFO [main] org.apache.catalina.startup.HostConfig.deployDirectory Установка веб приложения в папку [/home/alexandr/GitHub/javaWebSite/localTomcat/apache-tomcat-10.1.34/webapps/docs]
21-Feb-2025 19:29:26.064 INFO [main] org.apache.catalina.startup.HostConfig.deployDirectory Deployment of web application directory [/home/alexandr/GitHub/javaWebSite/localTomcat/apache-tomcat-10.1.34/webapps/docs] has finished in [222] ms
21-Feb-2025 19:29:26.065 INFO [main] org.apache.catalina.startup.HostConfig.deployDirectory Установка веб приложения в папку [/home/alexandr/GitHub/javaWebSite/localTomcat/apache-tomcat-10.1.34/webapps/manager]
21-Feb-2025 19:29:26.099 INFO [main] org.apache.catalina.startup.HostConfig.deployDirectory Deployment of web application directory [/home/alexandr/GitHub/javaWebSite/localTomcat/apache-tomcat-10.1.34/webapps/manager] has finished in [34] ms
21-Feb-2025 19:29:26.099 INFO [main] org.apache.catalina.startup.HostConfig.deployDirectory Установка веб приложения в папку [/home/alexandr/GitHub/javaWebSite/localTomcat/apache-tomcat-10.1.34/webapps/examples]
21-Feb-2025 19:29:26.261 INFO [main] org.apache.catalina.startup.HostConfig.deployDirectory Deployment of web application directory [/home/alexandr/GitHub/javaWebSite/localTomcat/apache-tomcat-10.1.34/webapps/examples] has finished in [162] ms
21-Feb-2025 19:29:26.261 INFO [main] org.apache.catalina.startup.HostConfig.deployDirectory Установка веб приложения в папку [/home/alexandr/GitHub/javaWebSite/localTomcat/apache-tomcat-10.1.34/webapps/ROOT]
21-Feb-2025 19:29:26.273 INFO [main] org.apache.catalina.startup.HostConfig.deployDirectory Deployment of web application directory [/home/alexandr/GitHub/javaWebSite/localTomcat/apache-tomcat-10.1.34/webapps/ROOT] has finished in [12] ms
21-Feb-2025 19:29:26.273 INFO [main] org.apache.catalina.startup.HostConfig.deployDirectory Установка веб приложения в папку [/home/alexandr/GitHub/javaWebSite/localTomcat/apache-tomcat-10.1.34/webapps/webapp]
21-Feb-2025 19:29:26.292 INFO [main] org.apache.catalina.startup.HostConfig.deployDirectory Deployment of web application directory [/home/alexandr/GitHub/javaWebSite/localTomcat/apache-tomcat-10.1.34/webapps/webapp] has finished in [19] ms
21-Feb-2025 19:29:26.292 INFO [main] org.apache.catalina.startup.HostConfig.deployDirectory Установка веб приложения в папку [/home/alexandr/GitHub/javaWebSite/localTomcat/apache-tomcat-10.1.34/webapps/host-manager]
21-Feb-2025 19:29:26.306 INFO [main] org.apache.catalina.startup.HostConfig.deployDirectory Deployment of web application directory [/home/alexandr/GitHub/javaWebSite/localTomcat/apache-tomcat-10.1.34/webapps/host-manager] has finished in [13] ms
21-Feb-2025 19:29:26.309 INFO [main] org.apache.coyote.AbstractProtocol.start Starting ProtocolHandler ["http-nio-8080"]
21-Feb-2025 19:29:26.318 INFO [main] org.apache.catalina.startup.Catalina.start Server startup in [516] milliseconds
21-Feb-2025 19:30:05.361 INFO [main] org.apache.catalina.core.StandardServer.await A valid shutdown command was received via the shutdown port. Stopping the Server instance.
21-Feb-2025 19:30:05.362 INFO [main] org.apache.coyote.AbstractProtocol.pause Pausing ProtocolHandler ["http-nio-8080"]
21-Feb-2025 19:30:05.365 INFO [main] org.apache.catalina.core.StandardService.stopInternal Stopping service [Catalina]
21-Feb-2025 19:30:05.384 INFO [main] org.apache.coyote.AbstractProtocol.stop Stopping ProtocolHandler ["http-nio-8080"]
21-Feb-2025 19:30:05.387 INFO [main] org.apache.coyote.AbstractProtocol.destroy Destroying ProtocolHandler ["http-nio-8080"]
