16-Feb-2025 17:35:21.509 INFO [main] org.apache.catalina.startup.VersionLoggerListener.log Имя версии сервера:    Apache Tomcat/10.1.34
16-Feb-2025 17:35:21.513 INFO [main] org.apache.catalina.startup.VersionLoggerListener.log Сервер собран:         Dec 5 2024 16:01:16 UTC
16-Feb-2025 17:35:21.513 INFO [main] org.apache.catalina.startup.VersionLoggerListener.log Номер версии сервера:  10.1.34.0
16-Feb-2025 17:35:21.513 INFO [main] org.apache.catalina.startup.VersionLoggerListener.log OS Name:               Linux
16-Feb-2025 17:35:21.513 INFO [main] org.apache.catalina.startup.VersionLoggerListener.log Версия ОС:             6.8.0-52-generic
16-Feb-2025 17:35:21.513 INFO [main] org.apache.catalina.startup.VersionLoggerListener.log Архитектура:           amd64
16-Feb-2025 17:35:21.513 INFO [main] org.apache.catalina.startup.VersionLoggerListener.log Java Home:             /usr/lib/jvm/jdk-23.0.1-oracle-x64
16-Feb-2025 17:35:21.513 INFO [main] org.apache.catalina.startup.VersionLoggerListener.log Версия JVM:            23.0.1+11-39
16-Feb-2025 17:35:21.513 INFO [main] org.apache.catalina.startup.VersionLoggerListener.log Производитель JVM:     Oracle Corporation
16-Feb-2025 17:35:21.514 INFO [main] org.apache.catalina.startup.VersionLoggerListener.log CATALINA_BASE:         /home/alexandr/GitHub/javaWebSite/localTomcat/apache-tomcat-10.1.34
16-Feb-2025 17:35:21.514 INFO [main] org.apache.catalina.startup.VersionLoggerListener.log CATALINA_HOME:         /home/alexandr/GitHub/javaWebSite/localTomcat/apache-tomcat-10.1.34
16-Feb-2025 17:35:21.522 INFO [main] org.apache.catalina.startup.VersionLoggerListener.log Command line argument: -Djava.util.logging.config.file=/home/alexandr/GitHub/javaWebSite/localTomcat/apache-tomcat-10.1.34/conf/logging.properties
16-Feb-2025 17:35:21.522 INFO [main] org.apache.catalina.startup.VersionLoggerListener.log Command line argument: -Djava.util.logging.manager=org.apache.juli.ClassLoaderLogManager
16-Feb-2025 17:35:21.522 INFO [main] org.apache.catalina.startup.VersionLoggerListener.log Command line argument: -Djdk.tls.ephemeralDHKeySize=2048
16-Feb-2025 17:35:21.522 INFO [main] org.apache.catalina.startup.VersionLoggerListener.log Command line argument: -Djava.protocol.handler.pkgs=org.apache.catalina.webresources
16-Feb-2025 17:35:21.523 INFO [main] org.apache.catalina.startup.VersionLoggerListener.log Command line argument: -Dorg.apache.catalina.security.SecurityListener.UMASK=0027
16-Feb-2025 17:35:21.523 INFO [main] org.apache.catalina.startup.VersionLoggerListener.log Command line argument: --add-opens=java.base/java.lang=ALL-UNNAMED
16-Feb-2025 17:35:21.523 INFO [main] org.apache.catalina.startup.VersionLoggerListener.log Command line argument: --add-opens=java.base/java.io=ALL-UNNAMED
16-Feb-2025 17:35:21.523 INFO [main] org.apache.catalina.startup.VersionLoggerListener.log Command line argument: --add-opens=java.base/java.util=ALL-UNNAMED
16-Feb-2025 17:35:21.523 INFO [main] org.apache.catalina.startup.VersionLoggerListener.log Command line argument: --add-opens=java.base/java.util.concurrent=ALL-UNNAMED
16-Feb-2025 17:35:21.523 INFO [main] org.apache.catalina.startup.VersionLoggerListener.log Command line argument: --add-opens=java.rmi/sun.rmi.transport=ALL-UNNAMED
16-Feb-2025 17:35:21.523 INFO [main] org.apache.catalina.startup.VersionLoggerListener.log Command line argument: -Dcatalina.base=/home/alexandr/GitHub/javaWebSite/localTomcat/apache-tomcat-10.1.34
16-Feb-2025 17:35:21.523 INFO [main] org.apache.catalina.startup.VersionLoggerListener.log Command line argument: -Dcatalina.home=/home/alexandr/GitHub/javaWebSite/localTomcat/apache-tomcat-10.1.34
16-Feb-2025 17:35:21.523 INFO [main] org.apache.catalina.startup.VersionLoggerListener.log Command line argument: -Djava.io.tmpdir=/home/alexandr/GitHub/javaWebSite/localTomcat/apache-tomcat-10.1.34/temp
16-Feb-2025 17:35:21.524 INFO [main] org.apache.catalina.core.AprLifecycleListener.lifecycleEvent The Apache Tomcat Native library which allows using OpenSSL was not found on the java.library.path: [/usr/java/packages/lib:/usr/lib64:/lib64:/lib:/usr/lib]
16-Feb-2025 17:35:21.772 INFO [main] org.apache.coyote.AbstractProtocol.init Инициализация ProtocolHandler ["http-nio-8080"]
16-Feb-2025 17:35:21.786 INFO [main] org.apache.catalina.startup.Catalina.load Server initialization in [446] milliseconds
16-Feb-2025 17:35:21.814 INFO [main] org.apache.catalina.core.StandardService.startInternal Starting service [Catalina]
16-Feb-2025 17:35:21.815 INFO [main] org.apache.catalina.core.StandardEngine.startInternal Starting Servlet engine: [Apache Tomcat/10.1.34]
16-Feb-2025 17:35:21.820 INFO [main] org.apache.catalina.startup.HostConfig.deployDirectory Установка веб приложения в папку [/home/alexandr/GitHub/javaWebSite/localTomcat/apache-tomcat-10.1.34/webapps/docs]
16-Feb-2025 17:35:21.997 INFO [main] org.apache.catalina.startup.HostConfig.deployDirectory Deployment of web application directory [/home/alexandr/GitHub/javaWebSite/localTomcat/apache-tomcat-10.1.34/webapps/docs] has finished in [175] ms
16-Feb-2025 17:35:21.998 INFO [main] org.apache.catalina.startup.HostConfig.deployDirectory Установка веб приложения в папку [/home/alexandr/GitHub/javaWebSite/localTomcat/apache-tomcat-10.1.34/webapps/manager]
16-Feb-2025 17:35:22.043 INFO [main] org.apache.catalina.startup.HostConfig.deployDirectory Deployment of web application directory [/home/alexandr/GitHub/javaWebSite/localTomcat/apache-tomcat-10.1.34/webapps/manager] has finished in [45] ms
16-Feb-2025 17:35:22.043 INFO [main] org.apache.catalina.startup.HostConfig.deployDirectory Установка веб приложения в папку [/home/alexandr/GitHub/javaWebSite/localTomcat/apache-tomcat-10.1.34/webapps/examples]
16-Feb-2025 17:35:22.203 INFO [main] org.apache.catalina.startup.HostConfig.deployDirectory Deployment of web application directory [/home/alexandr/GitHub/javaWebSite/localTomcat/apache-tomcat-10.1.34/webapps/examples] has finished in [160] ms
16-Feb-2025 17:35:22.203 INFO [main] org.apache.catalina.startup.HostConfig.deployDirectory Установка веб приложения в папку [/home/alexandr/GitHub/javaWebSite/localTomcat/apache-tomcat-10.1.34/webapps/ROOT]
16-Feb-2025 17:35:22.216 INFO [main] org.apache.catalina.startup.HostConfig.deployDirectory Deployment of web application directory [/home/alexandr/GitHub/javaWebSite/localTomcat/apache-tomcat-10.1.34/webapps/ROOT] has finished in [13] ms
16-Feb-2025 17:35:22.216 INFO [main] org.apache.catalina.startup.HostConfig.deployDirectory Установка веб приложения в папку [/home/alexandr/GitHub/javaWebSite/localTomcat/apache-tomcat-10.1.34/webapps/host-manager]
16-Feb-2025 17:35:22.233 INFO [main] org.apache.catalina.startup.HostConfig.deployDirectory Deployment of web application directory [/home/alexandr/GitHub/javaWebSite/localTomcat/apache-tomcat-10.1.34/webapps/host-manager] has finished in [17] ms
16-Feb-2025 17:35:22.236 INFO [main] org.apache.coyote.AbstractProtocol.start Starting ProtocolHandler ["http-nio-8080"]
16-Feb-2025 17:35:22.243 INFO [main] org.apache.catalina.startup.Catalina.start Server startup in [455] milliseconds
16-Feb-2025 17:38:52.476 INFO [main] org.apache.catalina.core.StandardServer.await A valid shutdown command was received via the shutdown port. Stopping the Server instance.
16-Feb-2025 17:38:52.477 INFO [main] org.apache.coyote.AbstractProtocol.pause Pausing ProtocolHandler ["http-nio-8080"]
16-Feb-2025 17:38:52.479 INFO [main] org.apache.catalina.core.StandardService.stopInternal Stopping service [Catalina]
16-Feb-2025 17:38:52.493 INFO [main] org.apache.coyote.AbstractProtocol.stop Stopping ProtocolHandler ["http-nio-8080"]
16-Feb-2025 17:38:52.501 INFO [main] org.apache.coyote.AbstractProtocol.destroy Destroying ProtocolHandler ["http-nio-8080"]
