18-Feb-2025 11:44:20.434 INFO [main] org.apache.catalina.startup.VersionLoggerListener.log Имя версии сервера:    Apache Tomcat/10.1.34
18-Feb-2025 11:44:20.439 INFO [main] org.apache.catalina.startup.VersionLoggerListener.log Сервер собран:         Dec 5 2024 16:01:16 UTC
18-Feb-2025 11:44:20.439 INFO [main] org.apache.catalina.startup.VersionLoggerListener.log Номер версии сервера:  10.1.34.0
18-Feb-2025 11:44:20.439 INFO [main] org.apache.catalina.startup.VersionLoggerListener.log OS Name:               Linux
18-Feb-2025 11:44:20.439 INFO [main] org.apache.catalina.startup.VersionLoggerListener.log Версия ОС:             6.11.0-17-generic
18-Feb-2025 11:44:20.439 INFO [main] org.apache.catalina.startup.VersionLoggerListener.log Архитектура:           amd64
18-Feb-2025 11:44:20.439 INFO [main] org.apache.catalina.startup.VersionLoggerListener.log Java Home:             /usr/lib/jvm/jdk-23.0.1-oracle-x64
18-Feb-2025 11:44:20.440 INFO [main] org.apache.catalina.startup.VersionLoggerListener.log Версия JVM:            23.0.1+11-39
18-Feb-2025 11:44:20.440 INFO [main] org.apache.catalina.startup.VersionLoggerListener.log Производитель JVM:     Oracle Corporation
18-Feb-2025 11:44:20.440 INFO [main] org.apache.catalina.startup.VersionLoggerListener.log CATALINA_BASE:         /home/alexandr/GitHub/javaWebSite/localTomcat/apache-tomcat-10.1.34
18-Feb-2025 11:44:20.440 INFO [main] org.apache.catalina.startup.VersionLoggerListener.log CATALINA_HOME:         /home/alexandr/GitHub/javaWebSite/localTomcat/apache-tomcat-10.1.34
18-Feb-2025 11:44:20.449 INFO [main] org.apache.catalina.startup.VersionLoggerListener.log Command line argument: -Djava.util.logging.config.file=/home/alexandr/GitHub/javaWebSite/localTomcat/apache-tomcat-10.1.34/conf/logging.properties
18-Feb-2025 11:44:20.449 INFO [main] org.apache.catalina.startup.VersionLoggerListener.log Command line argument: -Djava.util.logging.manager=org.apache.juli.ClassLoaderLogManager
18-Feb-2025 11:44:20.449 INFO [main] org.apache.catalina.startup.VersionLoggerListener.log Command line argument: -Djdk.tls.ephemeralDHKeySize=2048
18-Feb-2025 11:44:20.449 INFO [main] org.apache.catalina.startup.VersionLoggerListener.log Command line argument: -Djava.protocol.handler.pkgs=org.apache.catalina.webresources
18-Feb-2025 11:44:20.449 INFO [main] org.apache.catalina.startup.VersionLoggerListener.log Command line argument: -Dorg.apache.catalina.security.SecurityListener.UMASK=0027
18-Feb-2025 11:44:20.449 INFO [main] org.apache.catalina.startup.VersionLoggerListener.log Command line argument: --add-opens=java.base/java.lang=ALL-UNNAMED
18-Feb-2025 11:44:20.450 INFO [main] org.apache.catalina.startup.VersionLoggerListener.log Command line argument: --add-opens=java.base/java.io=ALL-UNNAMED
18-Feb-2025 11:44:20.450 INFO [main] org.apache.catalina.startup.VersionLoggerListener.log Command line argument: --add-opens=java.base/java.util=ALL-UNNAMED
18-Feb-2025 11:44:20.450 INFO [main] org.apache.catalina.startup.VersionLoggerListener.log Command line argument: --add-opens=java.base/java.util.concurrent=ALL-UNNAMED
18-Feb-2025 11:44:20.450 INFO [main] org.apache.catalina.startup.VersionLoggerListener.log Command line argument: --add-opens=java.rmi/sun.rmi.transport=ALL-UNNAMED
18-Feb-2025 11:44:20.450 INFO [main] org.apache.catalina.startup.VersionLoggerListener.log Command line argument: -Dcatalina.base=/home/alexandr/GitHub/javaWebSite/localTomcat/apache-tomcat-10.1.34
18-Feb-2025 11:44:20.450 INFO [main] org.apache.catalina.startup.VersionLoggerListener.log Command line argument: -Dcatalina.home=/home/alexandr/GitHub/javaWebSite/localTomcat/apache-tomcat-10.1.34
18-Feb-2025 11:44:20.450 INFO [main] org.apache.catalina.startup.VersionLoggerListener.log Command line argument: -Djava.io.tmpdir=/home/alexandr/GitHub/javaWebSite/localTomcat/apache-tomcat-10.1.34/temp
18-Feb-2025 11:44:20.452 INFO [main] org.apache.catalina.core.AprLifecycleListener.lifecycleEvent The Apache Tomcat Native library which allows using OpenSSL was not found on the java.library.path: [/usr/java/packages/lib:/usr/lib64:/lib64:/lib:/usr/lib]
18-Feb-2025 11:44:20.837 INFO [main] org.apache.coyote.AbstractProtocol.init Инициализация ProtocolHandler ["http-nio-8080"]
18-Feb-2025 11:44:20.866 INFO [main] org.apache.catalina.startup.Catalina.load Server initialization in [662] milliseconds
18-Feb-2025 11:44:20.932 INFO [main] org.apache.catalina.core.StandardService.startInternal Starting service [Catalina]
18-Feb-2025 11:44:20.933 INFO [main] org.apache.catalina.core.StandardEngine.startInternal Starting Servlet engine: [Apache Tomcat/10.1.34]
18-Feb-2025 11:44:20.947 INFO [main] org.apache.catalina.startup.HostConfig.deployDirectory Установка веб приложения в папку [/home/alexandr/GitHub/javaWebSite/localTomcat/apache-tomcat-10.1.34/webapps/docs]
18-Feb-2025 11:44:21.320 INFO [main] org.apache.catalina.startup.HostConfig.deployDirectory Deployment of web application directory [/home/alexandr/GitHub/javaWebSite/localTomcat/apache-tomcat-10.1.34/webapps/docs] has finished in [369] ms
18-Feb-2025 11:44:21.321 INFO [main] org.apache.catalina.startup.HostConfig.deployDirectory Установка веб приложения в папку [/home/alexandr/GitHub/javaWebSite/localTomcat/apache-tomcat-10.1.34/webapps/manager]
18-Feb-2025 11:44:21.374 INFO [main] org.apache.catalina.startup.HostConfig.deployDirectory Deployment of web application directory [/home/alexandr/GitHub/javaWebSite/localTomcat/apache-tomcat-10.1.34/webapps/manager] has finished in [53] ms
18-Feb-2025 11:44:21.375 INFO [main] org.apache.catalina.startup.HostConfig.deployDirectory Установка веб приложения в папку [/home/alexandr/GitHub/javaWebSite/localTomcat/apache-tomcat-10.1.34/webapps/examples]
18-Feb-2025 11:44:21.602 INFO [main] org.apache.catalina.startup.HostConfig.deployDirectory Deployment of web application directory [/home/alexandr/GitHub/javaWebSite/localTomcat/apache-tomcat-10.1.34/webapps/examples] has finished in [227] ms
18-Feb-2025 11:44:21.602 INFO [main] org.apache.catalina.startup.HostConfig.deployDirectory Установка веб приложения в папку [/home/alexandr/GitHub/javaWebSite/localTomcat/apache-tomcat-10.1.34/webapps/ROOT]
18-Feb-2025 11:44:21.618 INFO [main] org.apache.catalina.startup.HostConfig.deployDirectory Deployment of web application directory [/home/alexandr/GitHub/javaWebSite/localTomcat/apache-tomcat-10.1.34/webapps/ROOT] has finished in [15] ms
18-Feb-2025 11:44:21.618 INFO [main] org.apache.catalina.startup.HostConfig.deployDirectory Установка веб приложения в папку [/home/alexandr/GitHub/javaWebSite/localTomcat/apache-tomcat-10.1.34/webapps/webapp]
18-Feb-2025 11:44:21.649 INFO [main] org.apache.catalina.startup.HostConfig.deployDirectory Deployment of web application directory [/home/alexandr/GitHub/javaWebSite/localTomcat/apache-tomcat-10.1.34/webapps/webapp] has finished in [31] ms
18-Feb-2025 11:44:21.650 INFO [main] org.apache.catalina.startup.HostConfig.deployDirectory Установка веб приложения в папку [/home/alexandr/GitHub/javaWebSite/localTomcat/apache-tomcat-10.1.34/webapps/host-manager]
18-Feb-2025 11:44:21.666 INFO [main] org.apache.catalina.startup.HostConfig.deployDirectory Deployment of web application directory [/home/alexandr/GitHub/javaWebSite/localTomcat/apache-tomcat-10.1.34/webapps/host-manager] has finished in [17] ms
18-Feb-2025 11:44:21.671 INFO [main] org.apache.coyote.AbstractProtocol.start Starting ProtocolHandler ["http-nio-8080"]
18-Feb-2025 11:44:21.680 INFO [main] org.apache.catalina.startup.Catalina.start Server startup in [812] milliseconds
18-Feb-2025 11:45:56.699 INFO [main] org.apache.catalina.core.StandardServer.await A valid shutdown command was received via the shutdown port. Stopping the Server instance.
18-Feb-2025 11:45:56.700 INFO [main] org.apache.coyote.AbstractProtocol.pause Pausing ProtocolHandler ["http-nio-8080"]
18-Feb-2025 11:45:56.702 INFO [main] org.apache.catalina.core.StandardService.stopInternal Stopping service [Catalina]
18-Feb-2025 11:45:56.728 INFO [main] org.apache.coyote.AbstractProtocol.stop Stopping ProtocolHandler ["http-nio-8080"]
18-Feb-2025 11:45:56.734 INFO [main] org.apache.coyote.AbstractProtocol.destroy Destroying ProtocolHandler ["http-nio-8080"]
