16-Feb-2025 17:35:22.199 INFO [main] org.apache.catalina.core.ApplicationContext.log ContextListener: contextInitialized()
16-Feb-2025 17:35:22.199 INFO [main] org.apache.catalina.core.ApplicationContext.log SessionListener: contextInitialized()
16-Feb-2025 17:35:22.200 INFO [main] org.apache.catalina.core.ApplicationContext.log ContextListener: attributeAdded('StockTicker', 'async.Stockticker@61edc883')
16-Feb-2025 17:38:52.486 INFO [main] org.apache.catalina.core.ApplicationContext.log SessionListener: contextDestroyed()
16-Feb-2025 17:38:52.486 INFO [main] org.apache.catalina.core.ApplicationContext.log ContextListener: contextDestroyed()
16-Feb-2025 18:05:24.162 INFO [main] org.apache.catalina.core.ApplicationContext.log ContextListener: contextInitialized()
16-Feb-2025 18:05:24.162 INFO [main] org.apache.catalina.core.ApplicationContext.log SessionListener: contextInitialized()
16-Feb-2025 18:05:24.163 INFO [main] org.apache.catalina.core.ApplicationContext.log ContextListener: attributeAdded('StockTicker', 'async.Stockticker@660e9100')
16-Feb-2025 18:06:01.000 INFO [main] org.apache.catalina.core.ApplicationContext.log SessionListener: contextDestroyed()
16-Feb-2025 18:06:01.000 INFO [main] org.apache.catalina.core.ApplicationContext.log ContextListener: contextDestroyed()
16-Feb-2025 18:30:14.156 INFO [main] org.apache.catalina.core.ApplicationContext.log ContextListener: contextInitialized()
16-Feb-2025 18:30:14.156 INFO [main] org.apache.catalina.core.ApplicationContext.log SessionListener: contextInitialized()
16-Feb-2025 18:30:14.157 INFO [main] org.apache.catalina.core.ApplicationContext.log ContextListener: attributeAdded('StockTicker', 'async.Stockticker@182f1e9a')
16-Feb-2025 18:32:14.173 INFO [main] org.apache.catalina.core.ApplicationContext.log SessionListener: contextDestroyed()
16-Feb-2025 18:32:14.173 INFO [main] org.apache.catalina.core.ApplicationContext.log ContextListener: contextDestroyed()
16-Feb-2025 18:32:20.410 INFO [main] org.apache.catalina.core.ApplicationContext.log ContextListener: contextInitialized()
16-Feb-2025 18:32:20.410 INFO [main] org.apache.catalina.core.ApplicationContext.log SessionListener: contextInitialized()
16-Feb-2025 18:32:20.411 INFO [main] org.apache.catalina.core.ApplicationContext.log ContextListener: attributeAdded('StockTicker', 'async.Stockticker@69f63d95')
16-Feb-2025 18:33:45.911 INFO [main] org.apache.catalina.core.ApplicationContext.log SessionListener: contextDestroyed()
16-Feb-2025 18:33:45.911 INFO [main] org.apache.catalina.core.ApplicationContext.log ContextListener: contextDestroyed()
16-Feb-2025 18:33:48.709 INFO [main] org.apache.catalina.core.ApplicationContext.log ContextListener: contextInitialized()
16-Feb-2025 18:33:48.709 INFO [main] org.apache.catalina.core.ApplicationContext.log SessionListener: contextInitialized()
16-Feb-2025 18:33:48.710 INFO [main] org.apache.catalina.core.ApplicationContext.log ContextListener: attributeAdded('StockTicker', 'async.Stockticker@69f63d95')
16-Feb-2025 18:34:42.310 INFO [main] org.apache.catalina.core.ApplicationContext.log SessionListener: contextDestroyed()
16-Feb-2025 18:34:42.310 INFO [main] org.apache.catalina.core.ApplicationContext.log ContextListener: contextDestroyed()
16-Feb-2025 18:34:44.637 INFO [main] org.apache.catalina.core.ApplicationContext.log ContextListener: contextInitialized()
16-Feb-2025 18:34:44.637 INFO [main] org.apache.catalina.core.ApplicationContext.log SessionListener: contextInitialized()
16-Feb-2025 18:34:44.638 INFO [main] org.apache.catalina.core.ApplicationContext.log ContextListener: attributeAdded('StockTicker', 'async.Stockticker@69f63d95')
16-Feb-2025 18:35:11.095 INFO [main] org.apache.catalina.core.ApplicationContext.log SessionListener: contextDestroyed()
16-Feb-2025 18:35:11.095 INFO [main] org.apache.catalina.core.ApplicationContext.log ContextListener: contextDestroyed()
16-Feb-2025 18:35:13.885 INFO [main] org.apache.catalina.core.ApplicationContext.log ContextListener: contextInitialized()
16-Feb-2025 18:35:13.885 INFO [main] org.apache.catalina.core.ApplicationContext.log SessionListener: contextInitialized()
16-Feb-2025 18:35:13.886 INFO [main] org.apache.catalina.core.ApplicationContext.log ContextListener: attributeAdded('StockTicker', 'async.Stockticker@61edc883')
16-Feb-2025 18:41:56.116 INFO [main] org.apache.catalina.core.ApplicationContext.log SessionListener: contextDestroyed()
16-Feb-2025 18:41:56.116 INFO [main] org.apache.catalina.core.ApplicationContext.log ContextListener: contextDestroyed()
16-Feb-2025 18:42:50.594 INFO [main] org.apache.catalina.core.ApplicationContext.log ContextListener: contextInitialized()
16-Feb-2025 18:42:50.595 INFO [main] org.apache.catalina.core.ApplicationContext.log SessionListener: contextInitialized()
16-Feb-2025 18:42:50.595 INFO [main] org.apache.catalina.core.ApplicationContext.log ContextListener: attributeAdded('StockTicker', 'async.Stockticker@61edc883')
16-Feb-2025 18:44:47.605 INFO [main] org.apache.catalina.core.ApplicationContext.log SessionListener: contextDestroyed()
16-Feb-2025 18:44:47.605 INFO [main] org.apache.catalina.core.ApplicationContext.log ContextListener: contextDestroyed()
16-Feb-2025 18:49:33.075 INFO [main] org.apache.catalina.core.ApplicationContext.log ContextListener: contextInitialized()
16-Feb-2025 18:49:33.076 INFO [main] org.apache.catalina.core.ApplicationContext.log SessionListener: contextInitialized()
16-Feb-2025 18:49:33.077 INFO [main] org.apache.catalina.core.ApplicationContext.log ContextListener: attributeAdded('StockTicker', 'async.Stockticker@660e9100')
16-Feb-2025 18:50:46.034 INFO [main] org.apache.catalina.core.ApplicationContext.log SessionListener: contextDestroyed()
16-Feb-2025 18:50:46.034 INFO [main] org.apache.catalina.core.ApplicationContext.log ContextListener: contextDestroyed()
16-Feb-2025 18:51:12.794 INFO [main] org.apache.catalina.core.ApplicationContext.log ContextListener: contextInitialized()
16-Feb-2025 18:51:12.794 INFO [main] org.apache.catalina.core.ApplicationContext.log SessionListener: contextInitialized()
16-Feb-2025 18:51:12.795 INFO [main] org.apache.catalina.core.ApplicationContext.log ContextListener: attributeAdded('StockTicker', 'async.Stockticker@69f63d95')
16-Feb-2025 18:51:24.810 INFO [main] org.apache.catalina.core.ApplicationContext.log SessionListener: contextDestroyed()
16-Feb-2025 18:51:24.810 INFO [main] org.apache.catalina.core.ApplicationContext.log ContextListener: contextDestroyed()
16-Feb-2025 19:20:14.946 INFO [main] org.apache.catalina.core.ApplicationContext.log ContextListener: contextInitialized()
16-Feb-2025 19:20:14.946 INFO [main] org.apache.catalina.core.ApplicationContext.log SessionListener: contextInitialized()
16-Feb-2025 19:20:14.947 INFO [main] org.apache.catalina.core.ApplicationContext.log ContextListener: attributeAdded('StockTicker', 'async.Stockticker@69f63d95')
16-Feb-2025 19:20:47.311 INFO [main] org.apache.catalina.core.ApplicationContext.log SessionListener: contextDestroyed()
16-Feb-2025 19:20:47.311 INFO [main] org.apache.catalina.core.ApplicationContext.log ContextListener: contextDestroyed()
