23-Feb-2025 18:47:13.475 INFO [main] org.apache.catalina.core.ApplicationContext.log ContextListener: contextInitialized()
23-Feb-2025 18:47:13.475 INFO [main] org.apache.catalina.core.ApplicationContext.log SessionListener: contextInitialized()
23-Feb-2025 18:47:13.476 INFO [main] org.apache.catalina.core.ApplicationContext.log ContextListener: attributeAdded('StockTicker', 'async.Stockticker@7db534f2')
23-Feb-2025 18:48:24.451 INFO [main] org.apache.catalina.core.ApplicationContext.log SessionListener: contextDestroyed()
23-Feb-2025 18:48:24.451 INFO [main] org.apache.catalina.core.ApplicationContext.log ContextListener: contextDestroyed()
23-Feb-2025 18:48:29.441 INFO [main] org.apache.catalina.core.ApplicationContext.log ContextListener: contextInitialized()
23-Feb-2025 18:48:29.441 INFO [main] org.apache.catalina.core.ApplicationContext.log SessionListener: contextInitialized()
23-Feb-2025 18:48:29.443 INFO [main] org.apache.catalina.core.ApplicationContext.log ContextListener: attributeAdded('StockTicker', 'async.Stockticker@6928f576')
23-Feb-2025 18:48:54.932 INFO [main] org.apache.catalina.core.ApplicationContext.log SessionListener: contextDestroyed()
23-Feb-2025 18:48:54.933 INFO [main] org.apache.catalina.core.ApplicationContext.log ContextListener: contextDestroyed()
23-Feb-2025 18:48:57.720 INFO [main] org.apache.catalina.core.ApplicationContext.log ContextListener: contextInitialized()
23-Feb-2025 18:48:57.720 INFO [main] org.apache.catalina.core.ApplicationContext.log SessionListener: contextInitialized()
23-Feb-2025 18:48:57.724 INFO [main] org.apache.catalina.core.ApplicationContext.log ContextListener: attributeAdded('StockTicker', 'async.Stockticker@5ae76500')
23-Feb-2025 18:49:16.178 INFO [main] org.apache.catalina.core.ApplicationContext.log SessionListener: contextDestroyed()
23-Feb-2025 18:49:16.178 INFO [main] org.apache.catalina.core.ApplicationContext.log ContextListener: contextDestroyed()
23-Feb-2025 18:50:56.215 INFO [main] org.apache.catalina.core.ApplicationContext.log ContextListener: contextInitialized()
23-Feb-2025 18:50:56.215 INFO [main] org.apache.catalina.core.ApplicationContext.log SessionListener: contextInitialized()
23-Feb-2025 18:50:56.217 INFO [main] org.apache.catalina.core.ApplicationContext.log ContextListener: attributeAdded('StockTicker', 'async.Stockticker@459f7aa3')
23-Feb-2025 18:51:43.351 INFO [main] org.apache.catalina.core.ApplicationContext.log SessionListener: contextDestroyed()
23-Feb-2025 18:51:43.351 INFO [main] org.apache.catalina.core.ApplicationContext.log ContextListener: contextDestroyed()
23-Feb-2025 18:51:58.358 INFO [main] org.apache.catalina.core.ApplicationContext.log ContextListener: contextInitialized()
23-Feb-2025 18:51:58.359 INFO [main] org.apache.catalina.core.ApplicationContext.log SessionListener: contextInitialized()
23-Feb-2025 18:51:58.360 INFO [main] org.apache.catalina.core.ApplicationContext.log ContextListener: attributeAdded('StockTicker', 'async.Stockticker@59fc684e')
23-Feb-2025 18:52:33.748 INFO [main] org.apache.catalina.core.ApplicationContext.log SessionListener: contextDestroyed()
23-Feb-2025 18:52:33.748 INFO [main] org.apache.catalina.core.ApplicationContext.log ContextListener: contextDestroyed()
23-Feb-2025 18:52:51.568 INFO [main] org.apache.catalina.core.ApplicationContext.log ContextListener: contextInitialized()
23-Feb-2025 18:52:51.568 INFO [main] org.apache.catalina.core.ApplicationContext.log SessionListener: contextInitialized()
23-Feb-2025 18:52:51.570 INFO [main] org.apache.catalina.core.ApplicationContext.log ContextListener: attributeAdded('StockTicker', 'async.Stockticker@61edc883')
23-Feb-2025 18:53:34.680 INFO [main] org.apache.catalina.core.ApplicationContext.log SessionListener: contextDestroyed()
23-Feb-2025 18:53:34.680 INFO [main] org.apache.catalina.core.ApplicationContext.log ContextListener: contextDestroyed()
